Connecting to database specified by database.yml


Started GET "/theme.css" for 127.0.0.1 at 2013-11-21 15:18:30 -0500

ActionController::RoutingError (No route matches [GET] "/theme.css"):
  actionpack (3.2.13) lib/action_dispatch/middleware/debug_exceptions.rb:21:in `call'
  actionpack (3.2.13) lib/action_dispatch/middleware/show_exceptions.rb:56:in `call'
  railties (3.2.13) lib/rails/rack/logger.rb:32:in `call_app'
  railties (3.2.13) lib/rails/rack/logger.rb:16:in `block in call'
  activesupport (3.2.13) lib/active_support/tagged_logging.rb:22:in `tagged'
  railties (3.2.13) lib/rails/rack/logger.rb:16:in `call'
  actionpack (3.2.13) lib/action_dispatch/middleware/request_id.rb:22:in `call'
  rack (1.4.5) lib/rack/methodoverride.rb:21:in `call'
  rack (1.4.5) lib/rack/runtime.rb:17:in `call'
  activesupport (3.2.13) lib/active_support/cache/strategy/local_cache.rb:72:in `call'
  rack (1.4.5) lib/rack/lock.rb:15:in `call'
  actionpack (3.2.13) lib/action_dispatch/middleware/static.rb:63:in `call'
  railties (3.2.13) lib/rails/engine.rb:479:in `call'
  railties (3.2.13) lib/rails/application.rb:223:in `call'
  rack (1.4.5) lib/rack/content_length.rb:14:in `call'
  railties (3.2.13) lib/rails/rack/log_tailer.rb:17:in `call'
  rack (1.4.5) lib/rack/handler/webrick.rb:59:in `service'
  /Users/appacademy/.rvm/rubies/ruby-1.9.3-p392/lib/ruby/1.9.1/webrick/httpserver.rb:138:in `service'
  /Users/appacademy/.rvm/rubies/ruby-1.9.3-p392/lib/ruby/1.9.1/webrick/httpserver.rb:94:in `run'
  /Users/appacademy/.rvm/rubies/ruby-1.9.3-p392/lib/ruby/1.9.1/webrick/server.rb:191:in `block in start_thread'


  Rendered /Users/appacademy/.rvm/gems/ruby-1.9.3-p392/gems/actionpack-3.2.13/lib/action_dispatch/middleware/templates/rescues/routing_error.erb within rescues/layout (3.2ms)


Started GET "/find" for 127.0.0.1 at 2013-11-21 15:18:31 -0500
Processing by GameController#find as HTML
Completed 500 Internal Server Error in 19ms

ActiveRecord::StatementInvalid (Could not find table 'players'):
  app/controllers/game_controller.rb:6:in `find'


  Rendered /Users/appacademy/.rvm/gems/ruby-1.9.3-p392/gems/actionpack-3.2.13/lib/action_dispatch/middleware/templates/rescues/_trace.erb (1.0ms)
  Rendered /Users/appacademy/.rvm/gems/ruby-1.9.3-p392/gems/actionpack-3.2.13/lib/action_dispatch/middleware/templates/rescues/_request_and_response.erb (0.8ms)
  Rendered /Users/appacademy/.rvm/gems/ruby-1.9.3-p392/gems/actionpack-3.2.13/lib/action_dispatch/middleware/templates/rescues/diagnostics.erb within rescues/layout (8.3ms)


Started GET "/find" for 127.0.0.1 at 2013-11-21 15:18:41 -0500
Processing by GameController#find as HTML
Completed 500 Internal Server Error in 0ms

ActiveRecord::StatementInvalid (Could not find table 'players'):
  app/controllers/game_controller.rb:6:in `find'


  Rendered /Users/appacademy/.rvm/gems/ruby-1.9.3-p392/gems/actionpack-3.2.13/lib/action_dispatch/middleware/templates/rescues/_trace.erb (1.1ms)
  Rendered /Users/appacademy/.rvm/gems/ruby-1.9.3-p392/gems/actionpack-3.2.13/lib/action_dispatch/middleware/templates/rescues/_request_and_response.erb (0.8ms)
  Rendered /Users/appacademy/.rvm/gems/ruby-1.9.3-p392/gems/actionpack-3.2.13/lib/action_dispatch/middleware/templates/rescues/diagnostics.erb within rescues/layout (6.9ms)


Started GET "/find" for 127.0.0.1 at 2013-11-21 15:18:42 -0500
Processing by GameController#find as HTML
Completed 500 Internal Server Error in 0ms

ActiveRecord::StatementInvalid (Could not find table 'players'):
  app/controllers/game_controller.rb:6:in `find'


  Rendered /Users/appacademy/.rvm/gems/ruby-1.9.3-p392/gems/actionpack-3.2.13/lib/action_dispatch/middleware/templates/rescues/_trace.erb (1.0ms)
  Rendered /Users/appacademy/.rvm/gems/ruby-1.9.3-p392/gems/actionpack-3.2.13/lib/action_dispatch/middleware/templates/rescues/_request_and_response.erb (0.8ms)
  Rendered /Users/appacademy/.rvm/gems/ruby-1.9.3-p392/gems/actionpack-3.2.13/lib/action_dispatch/middleware/templates/rescues/diagnostics.erb within rescues/layout (6.7ms)


Started GET "/find" for 127.0.0.1 at 2013-11-21 15:18:43 -0500
Processing by GameController#find as HTML
Completed 500 Internal Server Error in 1ms

ActiveRecord::StatementInvalid (Could not find table 'players'):
  app/controllers/game_controller.rb:6:in `find'


  Rendered /Users/appacademy/.rvm/gems/ruby-1.9.3-p392/gems/actionpack-3.2.13/lib/action_dispatch/middleware/templates/rescues/_trace.erb (1.1ms)
  Rendered /Users/appacademy/.rvm/gems/ruby-1.9.3-p392/gems/actionpack-3.2.13/lib/action_dispatch/middleware/templates/rescues/_request_and_response.erb (0.8ms)
  Rendered /Users/appacademy/.rvm/gems/ruby-1.9.3-p392/gems/actionpack-3.2.13/lib/action_dispatch/middleware/templates/rescues/diagnostics.erb within rescues/layout (6.8ms)
Connecting to database specified by database.yml
  [1m[36m (0.2ms)[0m  [1mselect sqlite_version(*)[0m
  [1m[35m (1.4ms)[0m  CREATE TABLE "schema_migrations" ("version" varchar(255) NOT NULL) 
  [1m[36m (1.1ms)[0m  [1mCREATE UNIQUE INDEX "unique_schema_migrations" ON "schema_migrations" ("version")[0m
  [1m[35m (14.2ms)[0m  SELECT "schema_migrations"."version" FROM "schema_migrations" 
Migrating to CreateGames (20131120212636)
  [1m[36m (0.0ms)[0m  [1mbegin transaction[0m
  [1m[35m (0.4ms)[0m  CREATE TABLE "games" ("id" INTEGER PRIMARY KEY AUTOINCREMENT NOT NULL, "black_id" integer NOT NULL, "white_id" integer NOT NULL, "turn" varchar(255) NOT NULL, "created_at" datetime NOT NULL, "updated_at" datetime NOT NULL) 
  [1m[36m (0.2ms)[0m  [1mCREATE INDEX "index_games_on_black_id" ON "games" ("black_id")[0m
  [1m[35m (0.2ms)[0m  CREATE INDEX "index_games_on_white_id" ON "games" ("white_id")
  [1m[36m (0.1ms)[0m  [1mINSERT INTO "schema_migrations" ("version") VALUES ('20131120212636')[0m
  [1m[35m (1.1ms)[0m  commit transaction
Migrating to CreatePlayers (20131120212648)
  [1m[36m (0.0ms)[0m  [1mbegin transaction[0m
  [1m[35m (0.3ms)[0m  CREATE TABLE "players" ("id" INTEGER PRIMARY KEY AUTOINCREMENT NOT NULL, "color" varchar(255), "game_id" integer, "session_token" varchar(255), "last_request" time, "created_at" datetime NOT NULL, "updated_at" datetime NOT NULL) 
  [1m[36m (0.1ms)[0m  [1mCREATE INDEX "index_players_on_game_id" ON "players" ("game_id")[0m
  [1m[35m (0.1ms)[0m  CREATE INDEX "index_players_on_session_token" ON "players" ("session_token")
  [1m[36m (0.1ms)[0m  [1mINSERT INTO "schema_migrations" ("version") VALUES ('20131120212648')[0m
  [1m[35m (1.7ms)[0m  commit transaction
Migrating to CreateMoves (20131120212744)
  [1m[36m (0.0ms)[0m  [1mbegin transaction[0m
  [1m[35m (0.4ms)[0m  CREATE TABLE "moves" ("id" INTEGER PRIMARY KEY AUTOINCREMENT NOT NULL, "player_id" integer, "start_pos" varchar(255), "end_pos" varchar(255), "created_at" datetime NOT NULL, "updated_at" datetime NOT NULL) 
  [1m[36m (0.1ms)[0m  [1mCREATE INDEX "index_moves_on_player_id" ON "moves" ("player_id")[0m
  [1m[35m (0.1ms)[0m  INSERT INTO "schema_migrations" ("version") VALUES ('20131120212744')
  [1m[36m (1.5ms)[0m  [1mcommit transaction[0m
  [1m[35m (0.1ms)[0m  SELECT "schema_migrations"."version" FROM "schema_migrations" 
Connecting to database specified by database.yml


Started GET "/find" for 127.0.0.1 at 2013-11-21 15:18:58 -0500
Processing by GameController#find as HTML
  [1m[36m (0.0ms)[0m  [1mbegin transaction[0m
  [1m[35mSQL (67.2ms)[0m  INSERT INTO "players" ("color", "created_at", "game_id", "last_request", "session_token", "updated_at") VALUES (?, ?, ?, ?, ?, ?)  [["color", nil], ["created_at", Thu, 21 Nov 2013 20:18:58 UTC +00:00], ["game_id", nil], ["last_request", nil], ["session_token", "QPStnzj1hGGTke1fDwnbng"], ["updated_at", Thu, 21 Nov 2013 20:18:58 UTC +00:00]]
  [1m[36m (1.4ms)[0m  [1mcommit transaction[0m
  [1m[35m (0.1ms)[0m  begin transaction
  [1m[36m (0.3ms)[0m  [1mUPDATE "players" SET "last_request" = '2013-11-21 20:18:58.825455', "updated_at" = '2013-11-21 20:18:58.826220' WHERE "players"."id" = 1[0m
  [1m[35m (1.3ms)[0m  commit transaction
  [1m[36m (0.2ms)[0m  [1mSELECT COUNT(*) FROM "players" WHERE (last_request > '2013-11-21 20:18:28.829608' AND game_id IS NULL)[0m
Completed 200 OK in 91ms (Views: 0.3ms | ActiveRecord: 72.7ms)


Started GET "/find" for 127.0.0.1 at 2013-11-21 15:19:04 -0500
Processing by GameController#find as HTML
  [1m[35mPlayer Load (0.2ms)[0m  SELECT "players".* FROM "players" WHERE "players"."session_token" = 'QPStnzj1hGGTke1fDwnbng' LIMIT 1
  [1m[36m (0.1ms)[0m  [1mbegin transaction[0m
  [1m[35m (0.3ms)[0m  UPDATE "players" SET "last_request" = '2013-11-21 20:19:04.964676', "updated_at" = '2013-11-21 20:19:04.965631' WHERE "players"."id" = 1
  [1m[36m (8.0ms)[0m  [1mcommit transaction[0m
  [1m[35m (0.2ms)[0m  SELECT COUNT(*) FROM "players" WHERE (last_request > '2013-11-21 20:18:34.975068' AND game_id IS NULL)
Completed 200 OK in 125ms (Views: 0.2ms | ActiveRecord: 8.7ms)
